<?xml version="1.0" encoding="UTF-8"?>
<testng-results ignored="0" total="1" passed="1" failed="0" skipped="0">
  <reporter-output>
  </reporter-output>
  <suite started-at="2019-12-11T12:51:22 IST" name="Default suite" finished-at="2019-12-11T12:51:41 IST" duration-ms="18277">
    <groups>
    </groups>
    <test started-at="2019-12-11T12:51:22 IST" name="Default test" finished-at="2019-12-11T12:51:41 IST" duration-ms="18277">
      <class name="com.test.TC_01">
        <test-method is-config="true" signature="beforeMethod()[pri:0, instance:com.test.TC_01@3901d134]" started-at="2019-12-11T12:51:23 IST" name="beforeMethod" finished-at="2019-12-11T12:51:34 IST" duration-ms="11503" status="PASS">
          <reporter-output>
          </reporter-output>
        </test-method> <!-- beforeMethod -->
        <test-method signature="test()[pri:0, instance:com.test.TC_01@3901d134]" started-at="2019-12-11T12:51:34 IST" name="test" finished-at="2019-12-11T12:51:41 IST" duration-ms="6709" status="PASS">
          <reporter-output>
          </reporter-output>
        </test-method> <!-- test -->
        <test-method is-config="true" signature="afterMethod()[pri:0, instance:com.test.TC_01@3901d134]" started-at="2019-12-11T12:51:41 IST" name="afterMethod" finished-at="2019-12-11T12:51:41 IST" duration-ms="0" status="PASS">
          <reporter-output>
          </reporter-output>
        </test-method> <!-- afterMethod -->
      </class> <!-- com.test.TC_01 -->
    </test> <!-- Default test -->
  </suite> <!-- Default suite -->
</testng-results>
